Base path: '/Applications/Unity/Hub/Editor/2019.4.36f1/Unity.app/Contents', plugins path '/Applications/Unity/Hub/Editor/2019.4.36f1/Unity.app/Contents/PlaybackEngines'
Cmd: initializeCompiler
Cmd: compileComputeKernel
  error: 2 plat 14 at Packages/com.unity.render-pipelines.high-definition/Runtime/Lighting/Shadow/HDShadowAlgorithms.hlsl(27): #error "Undefined punctual shadow filter algorithm"
  error: 2 plat 14 at Packages/com.unity.render-pipelines.high-definition/Runtime/Lighting/Shadow/HDShadowAlgorithms.hlsl(29): #error "Undefined directional shadow filter algorithm"
  api=14 insize=10818 outsize=0 ok=0
Cmd: compileComputeKernel
  error: 2 plat 14 at Packages/com.unity.render-pipelines.high-definition/Runtime/Lighting/Shadow/HDShadowAlgorithms.hlsl(27): #error "Undefined punctual shadow filter algorithm"
  error: 2 plat 14 at Packages/com.unity.render-pipelines.high-definition/Runtime/Lighting/Shadow/HDShadowAlgorithms.hlsl(29): #error "Undefined directional shadow filter algorithm"
  api=14 insize=10818 outsize=0 ok=0
Cmd: compileComputeKernel
  error: 2 plat 14 at Packages/com.unity.render-pipelines.high-definition/Runtime/Lighting/Shadow/HDShadowAlgorithms.hlsl(27): #error "Undefined punctual shadow filter algorithm"
  error: 2 plat 14 at Packages/com.unity.render-pipelines.high-definition/Runtime/Lighting/Shadow/HDShadowAlgorithms.hlsl(29): #error "Undefined directional shadow filter algorithm"
  api=14 insize=10818 outsize=0 ok=0
Cmd: compileComputeKernel
  error: 2 plat 14 at Packages/com.unity.render-pipelines.high-definition/Runtime/Lighting/Shadow/HDShadowAlgorithms.hlsl(27): #error "Undefined punctual shadow filter algorithm"
  error: 2 plat 14 at Packages/com.unity.render-pipelines.high-definition/Runtime/Lighting/Shadow/HDShadowAlgorithms.hlsl(29): #error "Undefined directional shadow filter algorithm"
  api=14 insize=10818 outsize=0 ok=0
Cmd: compileComputeKernel
  error: 2 plat 14 at Packages/com.unity.render-pipelines.high-definition/Runtime/Lighting/Shadow/HDShadowAlgorithms.hlsl(27): #error "Undefined punctual shadow filter algorithm"
  error: 2 plat 14 at Packages/com.unity.render-pipelines.high-definition/Runtime/Lighting/Shadow/HDShadowAlgorithms.hlsl(29): #error "Undefined directional shadow filter algorithm"
  api=14 insize=10818 outsize=0 ok=0
Cmd: shutdown

Quitting shader compiler process
